2024.08.26 21:33:42 INFO  Started: Metals version 1.3.3 in folders 'C:\Users\Sachinthaka\OneDrive\Desktop\2Y SEM1\Functional Programming\Practical6' for client Visual Studio Code 1.92.2.
SLF4J(W): Class path contains multiple SLF4J providers.
SLF4J(W): Found provider [scribe.slf4j.ScribeServiceProvider@6eee2295]
SLF4J(W): Found provider [ch.qos.logback.classic.spi.LogbackServiceProvider@3616beea]
SLF4J(W): See https://www.slf4j.org/codes.html#multiple_bindings for an explanation.
SLF4J(I): Actual provider is of type [scribe.slf4j.ScribeServiceProvider@6eee2295]
2024.08.26 21:33:42 WARN  Flyway upgrade recommended: H2 2.2.224 is newer than this version of Flyway and support has not been tested. The latest supported version of H2 is 2.2.220.
2024.08.26 21:33:43 INFO  no build target found for C:\Users\Sachinthaka\OneDrive\Desktop\2Y SEM1\Functional Programming\Practical6\p6.scala. Using presentation compiler with project's scala-library version: 3.3.3
2024.08.26 21:33:46 INFO  Running List(C:\Users\Sachinthaka\AppData\Local\Coursier\data\bin\scala-cli.BAT, setup-ide, C:\Users\Sachinthaka\OneDrive\Desktop\2Y SEM1\Functional Programming\Practical6)
2024.08.26 21:33:46 INFO  Attempting to connect to the build server...
2024.08.26 21:33:46 INFO  Running BSP server List(C:\Users\Sachinthaka\AppData\Local\Coursier\data\bin\.scala-cli.aux.exe, bsp, --json-options, C:\Users\Sachinthaka\OneDrive\Desktop\2Y SEM1\Functional Programming\Practical6\.scala-build\ide-options-v2.json, --json-launcher-options, C:\Users\Sachinthaka\OneDrive\Desktop\2Y SEM1\Functional Programming\Practical6\.scala-build\ide-launcher-options.json, --envs-file, C:\Users\Sachinthaka\OneDrive\Desktop\2Y SEM1\Functional Programming\Practical6\.scala-build\ide-envs.json, C:\Users\Sachinthaka\OneDrive\Desktop\2Y SEM1\Functional Programming\Practical6)
2024.08.26 21:33:46 INFO  tracing is disabled for protocol BSP, to enable tracing of incoming and outgoing JSON messages create an empty file at C:\Users\Sachinthaka\OneDrive\Desktop\2Y SEM1\Functional Programming\Practical6\.metals\bsp.trace.json or C:\Users\Sachinthaka\AppData\Local\scalameta\metals\cache\bsp.trace.json
2024.08.26 21:33:47 WARN  Could not find semantic tokens for: file:///C:/Users/Sachinthaka/OneDrive/Desktop/2Y%20SEM1/Functional%20Programming/Practical6/p6.scala
2024.08.26 21:33:49 INFO  time: Connected to build server in 3.28s
2024.08.26 21:33:49 INFO  Connected to Build server: scala-cli v1.4.1
2024.08.26 21:33:49 INFO  running doctor check
2024.08.26 21:33:49 INFO  java targets: Practical6_400e808088, Practical6_400e808088-test
2024.08.26 21:33:50 INFO  compiling practical6_400e808088 (1 scala source)
2024.08.26 21:33:50 INFO  time: compiled Practical6_400e808088 in 0.22s
2024.08.26 21:33:54 WARN  Flyway upgrade recommended: H2 2.2.224 is newer than this version of Flyway and support has not been tested. The latest supported version of H2 is 2.2.220.
2024.08.26 21:33:58 INFO  time: indexed workspace in 8.52s
2024.08.26 21:34:04 WARN  Could not find semantic tokens for: file:///C:/Users/Sachinthaka/OneDrive/Desktop/2Y%20SEM1/Functional%20Programming/Practical6/p6.scala
2024.08.26 21:34:06 WARN  Could not find semantic tokens for: file:///C:/Users/Sachinthaka/OneDrive/Desktop/2Y%20SEM1/Functional%20Programming/Practical6/p6.scala
Aug 26, 2024 9:41:35 PM org.eclipse.lsp4j.jsonrpc.RemoteEndpoint handleCancellation
WARNING: Unmatched cancel notification for request id 959
Aug 26, 2024 9:42:48 PM org.eclipse.lsp4j.jsonrpc.RemoteEndpoint handleCancellation
WARNING: Unmatched cancel notification for request id 1284
Aug 26, 2024 9:48:25 PM org.eclipse.lsp4j.jsonrpc.RemoteEndpoint handleCancellation
WARNING: Unmatched cancel notification for request id 2203
2024.08.26 21:51:44 INFO  compiling practical6_400e808088 (1 scala source)
2024.08.26 21:51:44 INFO  time: compiled Practical6_400e808088 in 0.67s
2024.08.26 21:51:59 INFO  compiling practical6_400e808088 (1 scala source)
2024.08.26 21:52:01 INFO  time: compiled Practical6_400e808088 in 1.47s
Aug 26, 2024 10:05:05 PM org.eclipse.lsp4j.jsonrpc.RemoteEndpoint handleCancellation
WARNING: Unmatched cancel notification for request id 3040
Aug 26, 2024 10:08:10 PM org.eclipse.lsp4j.jsonrpc.RemoteEndpoint handleCancellation
WARNING: Unmatched cancel notification for request id 3785
Aug 26, 2024 10:10:38 PM org.eclipse.lsp4j.jsonrpc.RemoteEndpoint handleCancellation
WARNING: Unmatched cancel notification for request id 4255
Aug 26, 2024 10:11:42 PM org.eclipse.lsp4j.jsonrpc.RemoteEndpoint handleCancellation
WARNING: Unmatched cancel notification for request id 4520
Aug 26, 2024 10:13:52 PM org.eclipse.lsp4j.jsonrpc.RemoteEndpoint handleCancellation
WARNING: Unmatched cancel notification for request id 4691
Aug 26, 2024 10:13:54 PM org.eclipse.lsp4j.jsonrpc.RemoteEndpoint handleCancellation
WARNING: Unmatched cancel notification for request id 4705
Aug 26, 2024 10:13:55 PM org.eclipse.lsp4j.jsonrpc.RemoteEndpoint handleCancellation
WARNING: Unmatched cancel notification for request id 4715
Aug 26, 2024 10:14:18 PM org.eclipse.lsp4j.jsonrpc.RemoteEndpoint handleCancellation
WARNING: Unmatched cancel notification for request id 4877
Aug 26, 2024 10:46:49 PM org.eclipse.lsp4j.jsonrpc.RemoteEndpoint handleCancellation
WARNING: Unmatched cancel notification for request id 6295
Aug 26, 2024 10:48:20 PM org.eclipse.lsp4j.jsonrpc.RemoteEndpoint handleCancellation
WARNING: Unmatched cancel notification for request id 6564
2024.08.26 22:51:21 INFO  compiling practical6_400e808088 (1 scala source)
2024.08.26 22:51:22 INFO  time: compiled Practical6_400e808088 in 1.2s
Aug 26, 2024 10:51:36 PM org.eclipse.lsp4j.jsonrpc.RemoteEndpoint handleCancellation
WARNING: Unmatched cancel notification for request id 7032
Aug 26, 2024 10:51:39 PM org.eclipse.lsp4j.jsonrpc.RemoteEndpoint handleCancellation
WARNING: Unmatched cancel notification for request id 7061
Aug 26, 2024 10:51:44 PM org.eclipse.lsp4j.jsonrpc.RemoteEndpoint handleCancellation
WARNING: Unmatched cancel notification for request id 7120
2024.08.26 22:51:49 INFO  compiling practical6_400e808088 (1 scala source)
2024.08.26 22:51:49 INFO  time: compiled Practical6_400e808088 in 0.39s
2024.08.26 22:53:24 INFO  compiling practical6_400e808088 (1 scala source)
2024.08.26 22:53:26 INFO  time: compiled Practical6_400e808088 in 1.29s
2024.08.26 22:56:26 INFO  compiling practical6_400e808088 (1 scala source)
2024.08.26 22:56:27 INFO  time: compiled Practical6_400e808088 in 1.16s
2024.08.26 22:56:54 INFO  compiling practical6_400e808088 (1 scala source)
2024.08.26 22:56:54 INFO  time: compiled Practical6_400e808088 in 0.83s
Aug 26, 2024 11:02:03 PM org.eclipse.lsp4j.jsonrpc.RemoteEndpoint handleCancellation
WARNING: Unmatched cancel notification for request id 7539
2024.08.26 23:05:06 INFO  compiling practical6_400e808088 (1 scala source)
2024.08.26 23:05:06 INFO  time: compiled Practical6_400e808088 in 0.47s
Aug 26, 2024 11:05:50 PM org.eclipse.lsp4j.jsonrpc.RemoteEndpoint handleCancellation
WARNING: Unmatched cancel notification for request id 7775
2024.08.26 23:08:46 INFO  compiling practical6_400e808088 (1 scala source)
2024.08.26 23:08:46 INFO  time: compiled Practical6_400e808088 in 0.2s
2024.08.26 23:11:30 INFO  compiling practical6_400e808088 (1 scala source)
2024.08.26 23:11:30 INFO  time: compiled Practical6_400e808088 in 0.56s
Aug 26, 2024 11:14:16 PM org.eclipse.lsp4j.jsonrpc.RemoteEndpoint handleCancellation
WARNING: Unmatched cancel notification for request id 8917
Aug 26, 2024 11:14:17 PM org.eclipse.lsp4j.jsonrpc.RemoteEndpoint handleCancellation
WARNING: Unmatched cancel notification for request id 8929
2024.08.26 23:14:21 INFO  compiling practical6_400e808088 (1 scala source)
2024.08.26 23:14:21 INFO  time: compiled Practical6_400e808088 in 0.54s
Aug 26, 2024 11:21:48 PM org.eclipse.lsp4j.jsonrpc.RemoteEndpoint handleCancellation
WARNING: Unmatched cancel notification for request id 9088
Aug 26, 2024 11:21:56 PM org.eclipse.lsp4j.jsonrpc.RemoteEndpoint handleCancellation
WARNING: Unmatched cancel notification for request id 9137
Aug 26, 2024 11:27:24 PM org.eclipse.lsp4j.jsonrpc.RemoteEndpoint handleCancellation
WARNING: Unmatched cancel notification for request id 9630
2024.08.26 23:28:00 INFO  compiling practical6_400e808088 (1 scala source)
2024.08.26 23:28:01 INFO  time: compiled Practical6_400e808088 in 1.02s
2024.08.26 23:38:41 ERROR Failed to tokenize input for semantic tokens for C:\Users\Sachinthaka\OneDrive\Desktop\2Y SEM1\Functional Programming\Practical6\p6.scala
scala.meta.tokenizers.TokenizeException: <input>:90: error: unclosed character literal
    elseP'
         ^
	at scala.meta.internal.tokenizers.Reporter.syntaxError(Reporter.scala:23)
	at scala.meta.internal.tokenizers.Reporter.syntaxError$(Reporter.scala:23)
	at scala.meta.internal.tokenizers.Reporter$$anon$1.syntaxError(Reporter.scala:32)
	at scala.meta.internal.tokenizers.Reporter.syntaxError(Reporter.scala:25)
	at scala.meta.internal.tokenizers.Reporter.syntaxError$(Reporter.scala:25)
	at scala.meta.internal.tokenizers.Reporter$$anon$1.syntaxError(Reporter.scala:32)
	at scala.meta.internal.tokenizers.LegacyScanner.fetchSingleQuote$1(LegacyScanner.scala:391)
	at scala.meta.internal.tokenizers.LegacyScanner.fetchToken(LegacyScanner.scala:395)
	at scala.meta.internal.tokenizers.LegacyScanner.nextToken(LegacyScanner.scala:201)
	at scala.meta.internal.tokenizers.LegacyScanner.foreach(LegacyScanner.scala:912)
	at scala.meta.internal.tokenizers.ScalametaTokenizer.uncachedTokenize(ScalametaTokenizer.scala:23)
	at scala.meta.internal.tokenizers.ScalametaTokenizer.$anonfun$tokenize$1(ScalametaTokenizer.scala:17)
	at scala.collection.concurrent.TrieMap.getOrElseUpdate(TrieMap.scala:960)
	at scala.meta.internal.tokenizers.ScalametaTokenizer.tokenize(ScalametaTokenizer.scala:17)
	at scala.meta.internal.tokenizers.ScalametaTokenizer$$anon$2.apply(ScalametaTokenizer.scala:322)
	at scala.meta.tokenizers.Api$XtensionTokenizeDialectInput.tokenize(Api.scala:22)
	at scala.meta.tokenizers.Api$XtensionTokenizeInputLike.tokenize(Api.scala:13)
	at scala.meta.internal.metals.SemanticTokensProvider$.getTokens(SemanticTokensProvider.scala:28)
	at scala.meta.internal.metals.SemanticTokensProvider$.provide(SemanticTokensProvider.scala:89)
	at scala.meta.internal.metals.Compilers.$anonfun$semanticTokens$3(Compilers.scala:545)
	at scala.concurrent.impl.Promise$Transformation.run(Promise.scala:467)
	at java.util.concurrent.ThreadPoolExecutor.runWorker(ThreadPoolExecutor.java:1136)
	at java.util.concurrent.ThreadPoolExecutor$Worker.run(ThreadPoolExecutor.java:635)
	at java.lang.Thread.run(Thread.java:833)

2024.08.26 23:40:43 INFO  compiling practical6_400e808088 (1 scala source)
2024.08.26 23:40:43 INFO  time: compiled Practical6_400e808088 in 0.33s
Aug 26, 2024 11:46:31 PM org.eclipse.lsp4j.jsonrpc.RemoteEndpoint handleCancellation
WARNING: Unmatched cancel notification for request id 12199
2024.08.26 23:50:41 INFO  compiling practical6_400e808088 (1 scala source)
2024.08.26 23:50:41 INFO  time: compiled Practical6_400e808088 in 0.32s
2024.08.26 23:51:50 INFO  compiling practical6_400e808088 (1 scala source)
2024.08.26 23:51:50 INFO  time: compiled Practical6_400e808088 in 0.24s
2024.08.26 23:52:05 INFO  compiling practical6_400e808088 (1 scala source)
2024.08.26 23:52:05 INFO  time: compiled Practical6_400e808088 in 0.2s
2024.08.26 23:53:21 INFO  compiling practical6_400e808088 (1 scala source)
2024.08.26 23:53:21 INFO  time: compiled Practical6_400e808088 in 0.82s
2024.08.26 23:54:13 INFO  compiling practical6_400e808088 (1 scala source)
2024.08.26 23:54:13 INFO  time: compiled Practical6_400e808088 in 0.67s
2024.08.26 23:55:00 ERROR Failed to tokenize input for semantic tokens for C:\Users\Sachinthaka\OneDrive\Desktop\2Y SEM1\Functional Programming\Practical6\p6.scala
scala.meta.tokenizers.TokenizeException: <input>:2: error: unclosed comment
    /*println("****************Q1******************")
    ^
	at scala.meta.internal.tokenizers.Reporter.incompleteInputError(Reporter.scala:26)
	at scala.meta.internal.tokenizers.Reporter.incompleteInputError$(Reporter.scala:26)
	at scala.meta.internal.tokenizers.Reporter$$anon$1.incompleteInputError(Reporter.scala:32)
	at scala.meta.internal.tokenizers.Reporter.incompleteInputError(Reporter.scala:28)
	at scala.meta.internal.tokenizers.Reporter.incompleteInputError$(Reporter.scala:28)
	at scala.meta.internal.tokenizers.Reporter$$anon$1.incompleteInputError(Reporter.scala:32)
	at scala.meta.internal.tokenizers.LegacyScanner.skipNestedComments(LegacyScanner.scala:61)
	at scala.meta.internal.tokenizers.LegacyScanner.skipToCommentEnd(LegacyScanner.scala:77)
	at scala.meta.internal.tokenizers.LegacyScanner.fetchToken(LegacyScanner.scala:300)
	at scala.meta.internal.tokenizers.LegacyScanner.nextToken(LegacyScanner.scala:201)
	at scala.meta.internal.tokenizers.LegacyScanner.foreach(LegacyScanner.scala:912)
	at scala.meta.internal.tokenizers.ScalametaTokenizer.uncachedTokenize(ScalametaTokenizer.scala:23)
	at scala.meta.internal.tokenizers.ScalametaTokenizer.$anonfun$tokenize$1(ScalametaTokenizer.scala:17)
	at scala.collection.concurrent.TrieMap.getOrElseUpdate(TrieMap.scala:960)
	at scala.meta.internal.tokenizers.ScalametaTokenizer.tokenize(ScalametaTokenizer.scala:17)
	at scala.meta.internal.tokenizers.ScalametaTokenizer$$anon$2.apply(ScalametaTokenizer.scala:322)
	at scala.meta.tokenizers.Api$XtensionTokenizeDialectInput.tokenize(Api.scala:22)
	at scala.meta.tokenizers.Api$XtensionTokenizeInputLike.tokenize(Api.scala:13)
	at scala.meta.internal.metals.SemanticTokensProvider$.getTokens(SemanticTokensProvider.scala:28)
	at scala.meta.internal.metals.SemanticTokensProvider$.provide(SemanticTokensProvider.scala:89)
	at scala.meta.internal.metals.Compilers.$anonfun$semanticTokens$3(Compilers.scala:545)
	at scala.concurrent.impl.Promise$Transformation.run(Promise.scala:467)
	at java.util.concurrent.ThreadPoolExecutor.runWorker(ThreadPoolExecutor.java:1136)
	at java.util.concurrent.ThreadPoolExecutor$Worker.run(ThreadPoolExecutor.java:635)
	at java.lang.Thread.run(Thread.java:833)

Aug 26, 2024 11:55:01 PM org.eclipse.lsp4j.jsonrpc.RemoteEndpoint handleCancellation
WARNING: Unmatched cancel notification for request id 13193
2024.08.26 23:55:05 ERROR Failed to tokenize input for semantic tokens for C:\Users\Sachinthaka\OneDrive\Desktop\2Y SEM1\Functional Programming\Practical6\p6.scala
scala.meta.tokenizers.TokenizeException: <input>:2: error: unclosed comment
    /*println("****************Q1******************")
    ^
	at scala.meta.internal.tokenizers.Reporter.incompleteInputError(Reporter.scala:26)
	at scala.meta.internal.tokenizers.Reporter.incompleteInputError$(Reporter.scala:26)
	at scala.meta.internal.tokenizers.Reporter$$anon$1.incompleteInputError(Reporter.scala:32)
	at scala.meta.internal.tokenizers.Reporter.incompleteInputError(Reporter.scala:28)
	at scala.meta.internal.tokenizers.Reporter.incompleteInputError$(Reporter.scala:28)
	at scala.meta.internal.tokenizers.Reporter$$anon$1.incompleteInputError(Reporter.scala:32)
	at scala.meta.internal.tokenizers.LegacyScanner.skipNestedComments(LegacyScanner.scala:61)
	at scala.meta.internal.tokenizers.LegacyScanner.skipToCommentEnd(LegacyScanner.scala:77)
	at scala.meta.internal.tokenizers.LegacyScanner.fetchToken(LegacyScanner.scala:300)
	at scala.meta.internal.tokenizers.LegacyScanner.nextToken(LegacyScanner.scala:201)
	at scala.meta.internal.tokenizers.LegacyScanner.foreach(LegacyScanner.scala:912)
	at scala.meta.internal.tokenizers.ScalametaTokenizer.uncachedTokenize(ScalametaTokenizer.scala:23)
	at scala.meta.internal.tokenizers.ScalametaTokenizer.$anonfun$tokenize$1(ScalametaTokenizer.scala:17)
	at scala.collection.concurrent.TrieMap.getOrElseUpdate(TrieMap.scala:960)
	at scala.meta.internal.tokenizers.ScalametaTokenizer.tokenize(ScalametaTokenizer.scala:17)
	at scala.meta.internal.tokenizers.ScalametaTokenizer$$anon$2.apply(ScalametaTokenizer.scala:322)
	at scala.meta.tokenizers.Api$XtensionTokenizeDialectInput.tokenize(Api.scala:22)
	at scala.meta.tokenizers.Api$XtensionTokenizeInputLike.tokenize(Api.scala:13)
	at scala.meta.internal.metals.SemanticTokensProvider$.getTokens(SemanticTokensProvider.scala:28)
	at scala.meta.internal.metals.SemanticTokensProvider$.provide(SemanticTokensProvider.scala:89)
	at scala.meta.internal.metals.Compilers.$anonfun$semanticTokens$3(Compilers.scala:545)
	at scala.concurrent.impl.Promise$Transformation.run(Promise.scala:467)
	at java.util.concurrent.ThreadPoolExecutor.runWorker(ThreadPoolExecutor.java:1136)
	at java.util.concurrent.ThreadPoolExecutor$Worker.run(ThreadPoolExecutor.java:635)
	at java.lang.Thread.run(Thread.java:833)

2024.08.26 23:55:08 INFO  compiling practical6_400e808088 (1 scala source)
2024.08.26 23:55:08 INFO  time: compiled Practical6_400e808088 in 0.56s
2024.08.26 23:56:14 INFO  compiling practical6_400e808088 (1 scala source)
2024.08.26 23:56:14 INFO  time: compiled Practical6_400e808088 in 0.6s
2024.08.26 23:56:18 INFO  Shutting down server
2024.08.26 23:56:18 INFO  shutting down Metals
2024.08.26 23:56:18 INFO  Shut down connection with build server.
2024.08.26 23:56:18 INFO  Exiting server
